<?xml version="1.0" encoding="UTF-8"?>
<!-- Generated by org.testng.reporters.JUnitReportReporter -->
<testsuite hostname="NOI-9TGPQ12" name="base.base" tests="1" failures="0" timestamp="7 May 2019 09:37:35 GMT" time="13.282" errors="0">
  <testcase name="init" time="13.282" classname="base.base"/>
</testsuite>
